[debug] [2024-08-03T20:08:53.573Z] ----------------------------------------------------------------------
[debug] [2024-08-03T20:08:53.573Z] Command:       /usr/local/bin/node /usr/local/bin/firebase serve
[debug] [2024-08-03T20:08:53.574Z] CLI Version:   13.15.0
[debug] [2024-08-03T20:08:53.574Z] Platform:      darwin
[debug] [2024-08-03T20:08:53.574Z] Node Version:  v18.17.1
[debug] [2024-08-03T20:08:53.578Z] Time:          Sun Aug 04 2024 01:08:53 GMT+0500 (Pakistan Standard Time)
[debug] [2024-08-03T20:08:53.578Z] ----------------------------------------------------------------------
[debug] 
[debug] [2024-08-03T20:08:53.657Z] > command requires scopes: ["email","openid","https://www.googleapis.com/auth/cloudplatformprojects.readonly","https://www.googleapis.com/auth/firebase","https://www.googleapis.com/auth/cloud-platform"]
[debug] [2024-08-03T20:08:53.657Z] > authorizing via signed-in user (alihassanm381@gmail.com)
[debug] [2024-08-03T20:08:53.657Z] [iam] checking project portfolio-fc607 for permissions ["firebase.projects.get"]
[debug] [2024-08-03T20:08:53.658Z] >>> [apiv2][query] POST https://cloudresourcemanager.googleapis.com/v1/projects/portfolio-fc607:testIamPermissions [none]
[debug] [2024-08-03T20:08:53.658Z] >>> [apiv2][(partial)header] POST https://cloudresourcemanager.googleapis.com/v1/projects/portfolio-fc607:testIamPermissions x-goog-quota-user=projects/portfolio-fc607
[debug] [2024-08-03T20:08:53.658Z] >>> [apiv2][body] POST https://cloudresourcemanager.googleapis.com/v1/projects/portfolio-fc607:testIamPermissions {"permissions":["firebase.projects.get"]}
[debug] [2024-08-03T20:08:55.128Z] <<< [apiv2][status] POST https://cloudresourcemanager.googleapis.com/v1/projects/portfolio-fc607:testIamPermissions 200
[debug] [2024-08-03T20:08:55.128Z] <<< [apiv2][body] POST https://cloudresourcemanager.googleapis.com/v1/projects/portfolio-fc607:testIamPermissions {"permissions":["firebase.projects.get"]}
[debug] [2024-08-03T20:08:55.129Z] >>> [apiv2][query] GET https://firebase.googleapis.com/v1beta1/projects/portfolio-fc607 [none]
[debug] [2024-08-03T20:08:55.862Z] <<< [apiv2][status] GET https://firebase.googleapis.com/v1beta1/projects/portfolio-fc607 200
[debug] [2024-08-03T20:08:55.863Z] <<< [apiv2][body] GET https://firebase.googleapis.com/v1beta1/projects/portfolio-fc607 {"projectId":"portfolio-fc607","projectNumber":"236346432378","displayName":"portfolio","name":"projects/portfolio-fc607","resources":{"hostingSite":"portfolio-fc607"},"state":"ACTIVE","etag":"1_05f15bb1-cf8e-4b9e-8aeb-6a92c71eeb2c"}
[info] 
[info] === Serving from '/Users/devprofile/Documents/GitHub/shellbuddylandingpage'...
[info] 
[debug] [2024-08-03T20:08:55.867Z] >>> [apiv2][query] GET https://firebasehosting.googleapis.com/v1beta1/projects/portfolio-fc607/sites 
[debug] [2024-08-03T20:08:58.300Z] <<< [apiv2][status] GET https://firebasehosting.googleapis.com/v1beta1/projects/portfolio-fc607/sites 200
[debug] [2024-08-03T20:08:58.301Z] <<< [apiv2][body] GET https://firebasehosting.googleapis.com/v1beta1/projects/portfolio-fc607/sites {"sites":[{"name":"projects/portfolio-fc607/sites/portfolio-fc607","defaultUrl":"https://portfolio-fc607.web.app","type":"DEFAULT_SITE"}]}
[debug] [2024-08-03T20:08:58.302Z] >>> [apiv2][query] GET https://firebase.googleapis.com/v1beta1/projects/portfolio-fc607/webApps/-/config [none]
[debug] [2024-08-03T20:08:59.230Z] <<< [apiv2][status] GET https://firebase.googleapis.com/v1beta1/projects/portfolio-fc607/webApps/-/config 200
[debug] [2024-08-03T20:08:59.231Z] <<< [apiv2][body] GET https://firebase.googleapis.com/v1beta1/projects/portfolio-fc607/webApps/-/config {"projectId":"portfolio-fc607","storageBucket":"portfolio-fc607.appspot.com","apiKey":"AIzaSyDwMh6OiTSmput-hQf-s_r4xBaZHSQy3wg","authDomain":"portfolio-fc607.firebaseapp.com","messagingSenderId":"236346432378"}
[debug] [2024-08-03T20:08:59.246Z] >>> [apiv2][query] GET https://firebase.googleapis.com/v1beta1/projects/portfolio-fc607 [none]
[debug] [2024-08-03T20:08:59.798Z] <<< [apiv2][status] GET https://firebase.googleapis.com/v1beta1/projects/portfolio-fc607 200
[debug] [2024-08-03T20:08:59.799Z] <<< [apiv2][body] GET https://firebase.googleapis.com/v1beta1/projects/portfolio-fc607 {"projectId":"portfolio-fc607","projectNumber":"236346432378","displayName":"portfolio","name":"projects/portfolio-fc607","resources":{"hostingSite":"portfolio-fc607"},"state":"ACTIVE","etag":"1_05f15bb1-cf8e-4b9e-8aeb-6a92c71eeb2c"}
[info] i  hosting[portfolio-fc607]: Serving hosting files from: public {"metadata":{"emulator":{"name":"hosting"},"message":"Serving hosting files from: \u001b[1mpublic\u001b[22m"}}
[info] ✔  hosting[portfolio-fc607]: Local server: http://localhost:5002 {"metadata":{"emulator":{"name":"hosting"},"message":"Local server: \u001b[4m\u001b[1mhttp://localhost:5002\u001b[22m\u001b[24m"}}
[info] i  hosting: ::1 - - [03/Aug/2024:20:09:04 +0000] "GET / HTTP/1.1" 200 - "-" "Mozilla/5.0 (Macintosh; Intel Mac OS X 10_15_7) AppleWebKit/605.1.15 (KHTML, like Gecko) Version/17.0 Safari/605.1.15" {"metadata":{"emulator":{"name":"hosting"},"message":"::1 - - [03/Aug/2024:20:09:04 +0000] \"GET / HTTP/1.1\" 200 - \"-\" \"Mozilla/5.0 (Macintosh; Intel Mac OS X 10_15_7) AppleWebKit/605.1.15 (KHTML, like Gecko) Version/17.0 Safari/605.1.15\""}}
[debug] [2024-08-03T20:09:04.589Z] >>> [apiv2][query] GET https://www.gstatic.com/firebasejs/10.12.5/firebase-app-compat.js [none]
[debug] [2024-08-03T20:09:04.647Z] >>> [apiv2][query] GET https://www.gstatic.com/firebasejs/10.12.5/firebase-auth-compat.js [none]
[debug] [2024-08-03T20:09:04.649Z] >>> [apiv2][query] GET https://www.gstatic.com/firebasejs/10.12.5/firebase-database-compat.js [none]
[debug] [2024-08-03T20:09:04.650Z] >>> [apiv2][query] GET https://www.gstatic.com/firebasejs/10.12.5/firebase-firestore-compat.js [none]
[debug] [2024-08-03T20:09:04.651Z] >>> [apiv2][query] GET https://www.gstatic.com/firebasejs/10.12.5/firebase-functions-compat.js [none]
[debug] [2024-08-03T20:09:04.651Z] >>> [apiv2][query] GET https://www.gstatic.com/firebasejs/10.12.5/firebase-messaging-compat.js [none]
[debug] [2024-08-03T20:09:04.968Z] <<< [apiv2][status] GET https://www.gstatic.com/firebasejs/10.12.5/firebase-app-compat.js 200
[debug] [2024-08-03T20:09:04.968Z] <<< [apiv2][body] GET https://www.gstatic.com/firebasejs/10.12.5/firebase-app-compat.js [stream]
[info] i  hosting: ::1 - - [03/Aug/2024:20:09:04 +0000] "GET /__/firebase/10.12.5/firebase-app-compat.js HTTP/1.1" 200 10046 "http://localhost:5002/" "Mozilla/5.0 (Macintosh; Intel Mac OS X 10_15_7) AppleWebKit/605.1.15 (KHTML, like Gecko) Version/17.0 Safari/605.1.15" {"metadata":{"emulator":{"name":"hosting"},"message":"::1 - - [03/Aug/2024:20:09:04 +0000] \"GET /__/firebase/10.12.5/firebase-app-compat.js HTTP/1.1\" 200 10046 \"http://localhost:5002/\" \"Mozilla/5.0 (Macintosh; Intel Mac OS X 10_15_7) AppleWebKit/605.1.15 (KHTML, like Gecko) Version/17.0 Safari/605.1.15\""}}
[debug] [2024-08-03T20:09:04.975Z] <<< [apiv2][status] GET https://www.gstatic.com/firebasejs/10.12.5/firebase-firestore-compat.js 200
[debug] [2024-08-03T20:09:04.975Z] <<< [apiv2][body] GET https://www.gstatic.com/firebasejs/10.12.5/firebase-firestore-compat.js [stream]
[debug] [2024-08-03T20:09:04.976Z] >>> [apiv2][query] GET https://www.gstatic.com/firebasejs/10.12.5/firebase-storage-compat.js [none]
[debug] [2024-08-03T20:09:04.985Z] <<< [apiv2][status] GET https://www.gstatic.com/firebasejs/10.12.5/firebase-auth-compat.js 200
[debug] [2024-08-03T20:09:04.986Z] <<< [apiv2][body] GET https://www.gstatic.com/firebasejs/10.12.5/firebase-auth-compat.js [stream]
[debug] [2024-08-03T20:09:04.999Z] <<< [apiv2][status] GET https://www.gstatic.com/firebasejs/10.12.5/firebase-functions-compat.js 200
[debug] [2024-08-03T20:09:04.999Z] <<< [apiv2][body] GET https://www.gstatic.com/firebasejs/10.12.5/firebase-functions-compat.js [stream]
[info] i  hosting: ::1 - - [03/Aug/2024:20:09:05 +0000] "GET /__/firebase/10.12.5/firebase-functions-compat.js HTTP/1.1" 200 3254 "http://localhost:5002/" "Mozilla/5.0 (Macintosh; Intel Mac OS X 10_15_7) AppleWebKit/605.1.15 (KHTML, like Gecko) Version/17.0 Safari/605.1.15" {"metadata":{"emulator":{"name":"hosting"},"message":"::1 - - [03/Aug/2024:20:09:05 +0000] \"GET /__/firebase/10.12.5/firebase-functions-compat.js HTTP/1.1\" 200 3254 \"http://localhost:5002/\" \"Mozilla/5.0 (Macintosh; Intel Mac OS X 10_15_7) AppleWebKit/605.1.15 (KHTML, like Gecko) Version/17.0 Safari/605.1.15\""}}
[debug] [2024-08-03T20:09:05.005Z] <<< [apiv2][status] GET https://www.gstatic.com/firebasejs/10.12.5/firebase-database-compat.js 200
[debug] [2024-08-03T20:09:05.005Z] <<< [apiv2][body] GET https://www.gstatic.com/firebasejs/10.12.5/firebase-database-compat.js [stream]
[debug] [2024-08-03T20:09:05.008Z] <<< [apiv2][status] GET https://www.gstatic.com/firebasejs/10.12.5/firebase-messaging-compat.js 200
[debug] [2024-08-03T20:09:05.009Z] <<< [apiv2][body] GET https://www.gstatic.com/firebasejs/10.12.5/firebase-messaging-compat.js [stream]
[info] i  hosting: ::1 - - [03/Aug/2024:20:09:05 +0000] "GET /__/firebase/10.12.5/firebase-messaging-compat.js HTTP/1.1" 200 9989 "http://localhost:5002/" "Mozilla/5.0 (Macintosh; Intel Mac OS X 10_15_7) AppleWebKit/605.1.15 (KHTML, like Gecko) Version/17.0 Safari/605.1.15" {"metadata":{"emulator":{"name":"hosting"},"message":"::1 - - [03/Aug/2024:20:09:05 +0000] \"GET /__/firebase/10.12.5/firebase-messaging-compat.js HTTP/1.1\" 200 9989 \"http://localhost:5002/\" \"Mozilla/5.0 (Macintosh; Intel Mac OS X 10_15_7) AppleWebKit/605.1.15 (KHTML, like Gecko) Version/17.0 Safari/605.1.15\""}}
[debug] [2024-08-03T20:09:05.012Z] >>> [apiv2][query] GET https://www.gstatic.com/firebasejs/10.12.5/firebase-analytics-compat.js [none]
[debug] [2024-08-03T20:09:05.014Z] >>> [apiv2][query] GET https://www.gstatic.com/firebasejs/10.12.5/firebase-remote-config-compat.js [none]
[info] i  hosting: ::1 - - [03/Aug/2024:20:09:05 +0000] "GET /__/firebase/10.12.5/firebase-auth-compat.js HTTP/1.1" 200 39748 "http://localhost:5002/" "Mozilla/5.0 (Macintosh; Intel Mac OS X 10_15_7) AppleWebKit/605.1.15 (KHTML, like Gecko) Version/17.0 Safari/605.1.15" {"metadata":{"emulator":{"name":"hosting"},"message":"::1 - - [03/Aug/2024:20:09:05 +0000] \"GET /__/firebase/10.12.5/firebase-auth-compat.js HTTP/1.1\" 200 39748 \"http://localhost:5002/\" \"Mozilla/5.0 (Macintosh; Intel Mac OS X 10_15_7) AppleWebKit/605.1.15 (KHTML, like Gecko) Version/17.0 Safari/605.1.15\""}}
[debug] [2024-08-03T20:09:05.055Z] >>> [apiv2][query] GET https://www.gstatic.com/firebasejs/10.12.5/firebase-performance-compat.js [none]
[info] i  hosting: ::1 - - [03/Aug/2024:20:09:05 +0000] "GET /__/firebase/10.12.5/firebase-database-compat.js HTTP/1.1" 200 48014 "http://localhost:5002/" "Mozilla/5.0 (Macintosh; Intel Mac OS X 10_15_7) AppleWebKit/605.1.15 (KHTML, like Gecko) Version/17.0 Safari/605.1.15" {"metadata":{"emulator":{"name":"hosting"},"message":"::1 - - [03/Aug/2024:20:09:05 +0000] \"GET /__/firebase/10.12.5/firebase-database-compat.js HTTP/1.1\" 200 48014 \"http://localhost:5002/\" \"Mozilla/5.0 (Macintosh; Intel Mac OS X 10_15_7) AppleWebKit/605.1.15 (KHTML, like Gecko) Version/17.0 Safari/605.1.15\""}}
[info] i  hosting: ::1 - - [03/Aug/2024:20:09:05 +0000] "GET /__/firebase/init.js?useEmulator=true HTTP/1.1" 200 - "http://localhost:5002/" "Mozilla/5.0 (Macintosh; Intel Mac OS X 10_15_7) AppleWebKit/605.1.15 (KHTML, like Gecko) Version/17.0 Safari/605.1.15" {"metadata":{"emulator":{"name":"hosting"},"message":"::1 - - [03/Aug/2024:20:09:05 +0000] \"GET /__/firebase/init.js?useEmulator=true HTTP/1.1\" 200 - \"http://localhost:5002/\" \"Mozilla/5.0 (Macintosh; Intel Mac OS X 10_15_7) AppleWebKit/605.1.15 (KHTML, like Gecko) Version/17.0 Safari/605.1.15\""}}
[info] i  hosting: ::1 - - [03/Aug/2024:20:09:05 +0000] "GET /__/firebase/10.12.5/firebase-firestore-compat.js HTTP/1.1" 200 101372 "http://localhost:5002/" "Mozilla/5.0 (Macintosh; Intel Mac OS X 10_15_7) AppleWebKit/605.1.15 (KHTML, like Gecko) Version/17.0 Safari/605.1.15" {"metadata":{"emulator":{"name":"hosting"},"message":"::1 - - [03/Aug/2024:20:09:05 +0000] \"GET /__/firebase/10.12.5/firebase-firestore-compat.js HTTP/1.1\" 200 101372 \"http://localhost:5002/\" \"Mozilla/5.0 (Macintosh; Intel Mac OS X 10_15_7) AppleWebKit/605.1.15 (KHTML, like Gecko) Version/17.0 Safari/605.1.15\""}}
[debug] [2024-08-03T20:09:05.323Z] <<< [apiv2][status] GET https://www.gstatic.com/firebasejs/10.12.5/firebase-storage-compat.js 200
[debug] [2024-08-03T20:09:05.323Z] <<< [apiv2][body] GET https://www.gstatic.com/firebasejs/10.12.5/firebase-storage-compat.js [stream]
[debug] [2024-08-03T20:09:05.361Z] <<< [apiv2][status] GET https://www.gstatic.com/firebasejs/10.12.5/firebase-remote-config-compat.js 200
[debug] [2024-08-03T20:09:05.361Z] <<< [apiv2][body] GET https://www.gstatic.com/firebasejs/10.12.5/firebase-remote-config-compat.js [stream]
[info] i  hosting: ::1 - - [03/Aug/2024:20:09:05 +0000] "GET /__/firebase/10.12.5/firebase-remote-config-compat.js HTTP/1.1" 200 8815 "http://localhost:5002/" "Mozilla/5.0 (Macintosh; Intel Mac OS X 10_15_7) AppleWebKit/605.1.15 (KHTML, like Gecko) Version/17.0 Safari/605.1.15" {"metadata":{"emulator":{"name":"hosting"},"message":"::1 - - [03/Aug/2024:20:09:05 +0000] \"GET /__/firebase/10.12.5/firebase-remote-config-compat.js HTTP/1.1\" 200 8815 \"http://localhost:5002/\" \"Mozilla/5.0 (Macintosh; Intel Mac OS X 10_15_7) AppleWebKit/605.1.15 (KHTML, like Gecko) Version/17.0 Safari/605.1.15\""}}
[info] i  hosting: ::1 - - [03/Aug/2024:20:09:05 +0000] "GET /__/firebase/10.12.5/firebase-storage-compat.js HTTP/1.1" 200 12989 "http://localhost:5002/" "Mozilla/5.0 (Macintosh; Intel Mac OS X 10_15_7) AppleWebKit/605.1.15 (KHTML, like Gecko) Version/17.0 Safari/605.1.15" {"metadata":{"emulator":{"name":"hosting"},"message":"::1 - - [03/Aug/2024:20:09:05 +0000] \"GET /__/firebase/10.12.5/firebase-storage-compat.js HTTP/1.1\" 200 12989 \"http://localhost:5002/\" \"Mozilla/5.0 (Macintosh; Intel Mac OS X 10_15_7) AppleWebKit/605.1.15 (KHTML, like Gecko) Version/17.0 Safari/605.1.15\""}}
[debug] [2024-08-03T20:09:05.363Z] <<< [apiv2][status] GET https://www.gstatic.com/firebasejs/10.12.5/firebase-analytics-compat.js 200
[debug] [2024-08-03T20:09:05.363Z] <<< [apiv2][body] GET https://www.gstatic.com/firebasejs/10.12.5/firebase-analytics-compat.js [stream]
[info] i  hosting: ::1 - - [03/Aug/2024:20:09:05 +0000] "GET /__/firebase/10.12.5/firebase-analytics-compat.js HTTP/1.1" 200 9215 "http://localhost:5002/" "Mozilla/5.0 (Macintosh; Intel Mac OS X 10_15_7) AppleWebKit/605.1.15 (KHTML, like Gecko) Version/17.0 Safari/605.1.15" {"metadata":{"emulator":{"name":"hosting"},"message":"::1 - - [03/Aug/2024:20:09:05 +0000] \"GET /__/firebase/10.12.5/firebase-analytics-compat.js HTTP/1.1\" 200 9215 \"http://localhost:5002/\" \"Mozilla/5.0 (Macintosh; Intel Mac OS X 10_15_7) AppleWebKit/605.1.15 (KHTML, like Gecko) Version/17.0 Safari/605.1.15\""}}
[debug] [2024-08-03T20:09:05.421Z] <<< [apiv2][status] GET https://www.gstatic.com/firebasejs/10.12.5/firebase-performance-compat.js 200
[debug] [2024-08-03T20:09:05.422Z] <<< [apiv2][body] GET https://www.gstatic.com/firebasejs/10.12.5/firebase-performance-compat.js [stream]
[info] i  hosting: ::1 - - [03/Aug/2024:20:09:05 +0000] "GET /__/firebase/10.12.5/firebase-performance-compat.js HTTP/1.1" 200 10251 "http://localhost:5002/" "Mozilla/5.0 (Macintosh; Intel Mac OS X 10_15_7) AppleWebKit/605.1.15 (KHTML, like Gecko) Version/17.0 Safari/605.1.15" {"metadata":{"emulator":{"name":"hosting"},"message":"::1 - - [03/Aug/2024:20:09:05 +0000] \"GET /__/firebase/10.12.5/firebase-performance-compat.js HTTP/1.1\" 200 10251 \"http://localhost:5002/\" \"Mozilla/5.0 (Macintosh; Intel Mac OS X 10_15_7) AppleWebKit/605.1.15 (KHTML, like Gecko) Version/17.0 Safari/605.1.15\""}}
[info] i  hosting: ::1 - - [03/Aug/2024:20:09:05 +0000] "GET /favicon.ico HTTP/1.1" 404 - "http://localhost:5002/" "Mozilla/5.0 (Macintosh; Intel Mac OS X 10_15_7) AppleWebKit/605.1.15 (KHTML, like Gecko) Version/17.0 Safari/605.1.15" {"metadata":{"emulator":{"name":"hosting"},"message":"::1 - - [03/Aug/2024:20:09:05 +0000] \"GET /favicon.ico HTTP/1.1\" 404 - \"http://localhost:5002/\" \"Mozilla/5.0 (Macintosh; Intel Mac OS X 10_15_7) AppleWebKit/605.1.15 (KHTML, like Gecko) Version/17.0 Safari/605.1.15\""}}
